<?xml version="1.0" encoding="UTF-8"?>
<!-- Generated by org.testng.reporters.JUnitReportReporter -->
<testsuite hostname="CDWILT004" failures="0" tests="1" name="phase2_MVN001.MVN001" time="5.449" errors="0" timestamp="2022-06-06T15:01:20 SGT" skipped="0">
  <testcase classname="phase2_MVN001.MVN001" name="testM001" time="5.449"/>
  <system-out/>
</testsuite> <!-- phase2_MVN001.MVN001 -->
