<?xml version="1.0" encoding="UTF-8"?>
<!-- Generated by org.testng.reporters.JUnitReportReporter -->
<testsuite skipped="0" hostname="CDWILT004" name="phase2_MVN001.MVN001" tests="3" failures="0" timestamp="2022-06-06T21:43:16 SGT" time="3.400" errors="0">
  <testcase name="testM003" time="0.000" classname="phase2_MVN001.MVN001"/>
  <system-out/>
  <testcase name="testM001" time="3.400" classname="phase2_MVN001.MVN001"/>
  <system-out/>
  <testcase name="testM002" time="0.000" classname="phase2_MVN001.MVN001"/>
  <system-out/>
</testsuite> <!-- phase2_MVN001.MVN001 -->
